2024-05-29 14:23:18.708494: I tensorflow/core/util/port.cc:113] oneDNN custom operations are on. You may see slightly different numerical results due to floating-point round-off errors from different computation orders. To turn them off, set the environment variable `TF_ENABLE_ONEDNN_OPTS=0`.
2024-05-29 14:23:18.888092: I tensorflow/core/platform/cpu_feature_guard.cc:210] This TensorFlow binary is optimized to use available CPU instructions in performance-critical operations.
To enable the following instructions: AVX2 AVX512F AVX512_VNNI FMA, in other operations, rebuild TensorFlow with the appropriate compiler flags.
2024-05-29 14:23:19.863237: W tensorflow/compiler/tf2tensorrt/utils/py_utils.cc:38] TF-TRT Warning: Could not find TensorRT
switching torch multiprocessing start method from "fork" to "spawn"
switching torch multiprocessing start method from "fork" to "spawn"
switching torch multiprocessing start method from "fork" to "spawn"
switching torch multiprocessing start method from "fork" to "spawn"
Hello!
EDVAE(
  (shared_vae): VAE(
    (encoder): Sequential(
      (0): Linear(in_features=384, out_features=256, bias=True)
      (1): BatchNorm1d(256, eps=1e-05, momentum=0.1, affine=True, track_running_stats=True)
      (2): ReLU()
      (3): Linear(in_features=256, out_features=128, bias=True)
      (4): BatchNorm1d(128, eps=1e-05, momentum=0.1, affine=True, track_running_stats=True)
      (5): ReLU()
    )
    (decoder): Sequential(
      (0): Linear(in_features=128, out_features=256, bias=True)
      (1): BatchNorm1d(256, eps=1e-05, momentum=0.1, affine=True, track_running_stats=True)
      (2): ReLU()
      (3): Linear(in_features=256, out_features=384, bias=True)
      (4): BatchNorm1d(384, eps=1e-05, momentum=0.1, affine=True, track_running_stats=True)
      (5): ReLU()
    )
    (mean): Linear(in_features=128, out_features=128, bias=True)
    (var): Linear(in_features=128, out_features=128, bias=True)
  )
  (human_expert): Expert(
    (encoder): Sequential(
      (0): Linear(in_features=60664, out_features=512, bias=True)
      (1): BatchNorm1d(512, eps=1e-05, momentum=0.1, affine=True, track_running_stats=True)
      (2): ReLU()
      (3): Linear(in_features=512, out_features=448, bias=True)
      (4): BatchNorm1d(448, eps=1e-05, momentum=0.1, affine=True, track_running_stats=True)
      (5): ReLU()
      (6): Linear(in_features=448, out_features=384, bias=True)
      (7): BatchNorm1d(384, eps=1e-05, momentum=0.1, affine=True, track_running_stats=True)
      (8): ReLU()
    )
    (decoder): Sequential(
      (0): Linear(in_features=384, out_features=448, bias=True)
      (1): BatchNorm1d(448, eps=1e-05, momentum=0.1, affine=True, track_running_stats=True)
      (2): ReLU()
      (3): Linear(in_features=448, out_features=512, bias=True)
      (4): BatchNorm1d(512, eps=1e-05, momentum=0.1, affine=True, track_running_stats=True)
      (5): ReLU()
      (6): Linear(in_features=512, out_features=60664, bias=True)
      (7): BatchNorm1d(60664, eps=1e-05, momentum=0.1, affine=True, track_running_stats=True)
      (8): ReLU()
    )
  )
  (mouse_expert): Expert(
    (encoder): Sequential(
      (0): Linear(in_features=52417, out_features=512, bias=True)
      (1): BatchNorm1d(512, eps=1e-05, momentum=0.1, affine=True, track_running_stats=True)
      (2): ReLU()
      (3): Linear(in_features=512, out_features=448, bias=True)
      (4): BatchNorm1d(448, eps=1e-05, momentum=0.1, affine=True, track_running_stats=True)
      (5): ReLU()
      (6): Linear(in_features=448, out_features=384, bias=True)
      (7): BatchNorm1d(384, eps=1e-05, momentum=0.1, affine=True, track_running_stats=True)
      (8): ReLU()
    )
    (decoder): Sequential(
      (0): Linear(in_features=384, out_features=448, bias=True)
      (1): BatchNorm1d(448, eps=1e-05, momentum=0.1, affine=True, track_running_stats=True)
      (2): ReLU()
      (3): Linear(in_features=448, out_features=512, bias=True)
      (4): BatchNorm1d(512, eps=1e-05, momentum=0.1, affine=True, track_running_stats=True)
      (5): ReLU()
      (6): Linear(in_features=512, out_features=52417, bias=True)
      (7): BatchNorm1d(52417, eps=1e-05, momentum=0.1, affine=True, track_running_stats=True)
      (8): ReLU()
    )
  )
)
2024-05-29 14:23:48.101667: I tensorflow/core/util/port.cc:113] oneDNN custom operations are on. You may see slightly different numerical results due to floating-point round-off errors from different computation orders. To turn them off, set the environment variable `TF_ENABLE_ONEDNN_OPTS=0`.
2024-05-29 14:23:48.101696: I tensorflow/core/util/port.cc:113] oneDNN custom operations are on. You may see slightly different numerical results due to floating-point round-off errors from different computation orders. To turn them off, set the environment variable `TF_ENABLE_ONEDNN_OPTS=0`.
2024-05-29 14:23:48.149309: I tensorflow/core/platform/cpu_feature_guard.cc:210] This TensorFlow binary is optimized to use available CPU instructions in performance-critical operations.
To enable the following instructions: AVX2 AVX512F AVX512_VNNI FMA, in other operations, rebuild TensorFlow with the appropriate compiler flags.
2024-05-29 14:23:48.149361: I tensorflow/core/platform/cpu_feature_guard.cc:210] This TensorFlow binary is optimized to use available CPU instructions in performance-critical operations.
To enable the following instructions: AVX2 AVX512F AVX512_VNNI FMA, in other operations, rebuild TensorFlow with the appropriate compiler flags.
2024-05-29 14:23:48.977447: W tensorflow/compiler/tf2tensorrt/utils/py_utils.cc:38] TF-TRT Warning: Could not find TensorRT
2024-05-29 14:23:48.977448: W tensorflow/compiler/tf2tensorrt/utils/py_utils.cc:38] TF-TRT Warning: Could not find TensorRT
tensor([[0., 0., 0.,  ..., 0., 0., 0.],
        [0., 0., 0.,  ..., 0., 0., 0.],
        [0., 0., 0.,  ..., 0., 0., 0.],
        ...,
        [0., 0., 0.,  ..., 0., 0., 0.],
        [0., 0., 0.,  ..., 0., 0., 0.],
        [0., 0., 0.,  ..., 0., 0., 0.]], device='cuda:0')
Traceback (most recent call last):
  File "/mnt/home/taylcard/dev/EDVAE/main.py", line 203, in <module>
    train(10, device)
  File "/mnt/home/taylcard/dev/EDVAE/main.py", line 175, in train
    kl_mean = kl_div.item / mu.numel()
TypeError: unsupported operand type(s) for /: 'builtin_function_or_method' and 'int'
