2024-05-29 13:39:33.633199: I tensorflow/core/util/port.cc:113] oneDNN custom operations are on. You may see slightly different numerical results due to floating-point round-off errors from different computation orders. To turn them off, set the environment variable `TF_ENABLE_ONEDNN_OPTS=0`.
2024-05-29 13:39:33.681533: I tensorflow/core/platform/cpu_feature_guard.cc:210] This TensorFlow binary is optimized to use available CPU instructions in performance-critical operations.
To enable the following instructions: AVX2 AVX512F AVX512_VNNI FMA, in other operations, rebuild TensorFlow with the appropriate compiler flags.
2024-05-29 13:39:34.557194: W tensorflow/compiler/tf2tensorrt/utils/py_utils.cc:38] TF-TRT Warning: Could not find TensorRT
switching torch multiprocessing start method from "fork" to "spawn"
switching torch multiprocessing start method from "fork" to "spawn"
switching torch multiprocessing start method from "fork" to "spawn"
switching torch multiprocessing start method from "fork" to "spawn"
Hello!
EDVAE(
  (shared_vae): VAE(
    (encoder): Sequential(
      (0): Linear(in_features=384, out_features=256, bias=True)
      (1): BatchNorm1d(256, eps=1e-05, momentum=0.1, affine=True, track_running_stats=True)
      (2): ReLU()
      (3): Linear(in_features=256, out_features=128, bias=True)
      (4): BatchNorm1d(128, eps=1e-05, momentum=0.1, affine=True, track_running_stats=True)
      (5): ReLU()
    )
    (decoder): Sequential(
      (0): Linear(in_features=128, out_features=256, bias=True)
      (1): BatchNorm1d(256, eps=1e-05, momentum=0.1, affine=True, track_running_stats=True)
      (2): ReLU()
      (3): Linear(in_features=256, out_features=384, bias=True)
      (4): BatchNorm1d(384, eps=1e-05, momentum=0.1, affine=True, track_running_stats=True)
      (5): ReLU()
    )
    (mean): Linear(in_features=128, out_features=128, bias=True)
    (var): Linear(in_features=128, out_features=128, bias=True)
  )
  (human_expert): Expert(
    (encoder): Sequential(
      (0): Linear(in_features=60664, out_features=512, bias=True)
      (1): BatchNorm1d(512, eps=1e-05, momentum=0.1, affine=True, track_running_stats=True)
      (2): ReLU()
      (3): Linear(in_features=512, out_features=448, bias=True)
      (4): BatchNorm1d(448, eps=1e-05, momentum=0.1, affine=True, track_running_stats=True)
      (5): ReLU()
      (6): Linear(in_features=448, out_features=384, bias=True)
      (7): BatchNorm1d(384, eps=1e-05, momentum=0.1, affine=True, track_running_stats=True)
      (8): ReLU()
    )
    (decoder): Sequential(
      (0): Linear(in_features=384, out_features=448, bias=True)
      (1): BatchNorm1d(448, eps=1e-05, momentum=0.1, affine=True, track_running_stats=True)
      (2): ReLU()
      (3): Linear(in_features=448, out_features=512, bias=True)
      (4): BatchNorm1d(512, eps=1e-05, momentum=0.1, affine=True, track_running_stats=True)
      (5): ReLU()
      (6): Linear(in_features=512, out_features=60664, bias=True)
      (7): BatchNorm1d(60664, eps=1e-05, momentum=0.1, affine=True, track_running_stats=True)
      (8): ReLU()
    )
  )
  (mouse_expert): Expert(
    (encoder): Sequential(
      (0): Linear(in_features=52417, out_features=512, bias=True)
      (1): BatchNorm1d(512, eps=1e-05, momentum=0.1, affine=True, track_running_stats=True)
      (2): ReLU()
      (3): Linear(in_features=512, out_features=448, bias=True)
      (4): BatchNorm1d(448, eps=1e-05, momentum=0.1, affine=True, track_running_stats=True)
      (5): ReLU()
      (6): Linear(in_features=448, out_features=384, bias=True)
      (7): BatchNorm1d(384, eps=1e-05, momentum=0.1, affine=True, track_running_stats=True)
      (8): ReLU()
    )
    (decoder): Sequential(
      (0): Linear(in_features=384, out_features=448, bias=True)
      (1): BatchNorm1d(448, eps=1e-05, momentum=0.1, affine=True, track_running_stats=True)
      (2): ReLU()
      (3): Linear(in_features=448, out_features=512, bias=True)
      (4): BatchNorm1d(512, eps=1e-05, momentum=0.1, affine=True, track_running_stats=True)
      (5): ReLU()
      (6): Linear(in_features=512, out_features=52417, bias=True)
      (7): BatchNorm1d(52417, eps=1e-05, momentum=0.1, affine=True, track_running_stats=True)
      (8): ReLU()
    )
  )
)
2024-05-29 13:40:02.483632: I tensorflow/core/util/port.cc:113] oneDNN custom operations are on. You may see slightly different numerical results due to floating-point round-off errors from different computation orders. To turn them off, set the environment variable `TF_ENABLE_ONEDNN_OPTS=0`.
2024-05-29 13:40:02.505711: I tensorflow/core/util/port.cc:113] oneDNN custom operations are on. You may see slightly different numerical results due to floating-point round-off errors from different computation orders. To turn them off, set the environment variable `TF_ENABLE_ONEDNN_OPTS=0`.
2024-05-29 13:40:02.530995: I tensorflow/core/platform/cpu_feature_guard.cc:210] This TensorFlow binary is optimized to use available CPU instructions in performance-critical operations.
To enable the following instructions: AVX2 AVX512F AVX512_VNNI FMA, in other operations, rebuild TensorFlow with the appropriate compiler flags.
2024-05-29 13:40:02.553317: I tensorflow/core/platform/cpu_feature_guard.cc:210] This TensorFlow binary is optimized to use available CPU instructions in performance-critical operations.
To enable the following instructions: AVX2 AVX512F AVX512_VNNI FMA, in other operations, rebuild TensorFlow with the appropriate compiler flags.
2024-05-29 13:40:03.330345: W tensorflow/compiler/tf2tensorrt/utils/py_utils.cc:38] TF-TRT Warning: Could not find TensorRT
2024-05-29 13:40:03.330346: W tensorflow/compiler/tf2tensorrt/utils/py_utils.cc:38] TF-TRT Warning: Could not find TensorRT
/mnt/home/taylcard/dev/EDVAE/main.py:186: UserWarning: torch.nn.utils.clip_grad_norm is now deprecated in favor of torch.nn.utils.clip_grad_norm_.
  torch.nn.utils.clip_grad_norm(edvae.parameters(), 1.0)
Epoch 1, Expert human, Reconstruction Loss: nan, KL Divergence: nan
Epoch 1, Expert human, Reconstruction Loss: nan, KL Divergence: nan
Epoch 1, Expert human, Reconstruction Loss: nan, KL Divergence: nan
Epoch 1, Expert human, Reconstruction Loss: nan, KL Divergence: nan
Epoch 1, Expert human, Reconstruction Loss: nan, KL Divergence: nan
Epoch 1, Expert human, Reconstruction Loss: nan, KL Divergence: nan
Epoch 1, Expert human, Reconstruction Loss: nan, KL Divergence: nan
Epoch 1, Expert human, Reconstruction Loss: nan, KL Divergence: nan
Epoch 1, Expert human, Reconstruction Loss: nan, KL Divergence: nan
Epoch 1, Expert human, Reconstruction Loss: nan, KL Divergence: nan
Epoch 1, Expert human, Reconstruction Loss: nan, KL Divergence: nan
Epoch 1, Expert human, Reconstruction Loss: nan, KL Divergence: nan
Epoch 1, Expert human, Reconstruction Loss: nan, KL Divergence: nan
Epoch 1, Expert human, Reconstruction Loss: nan, KL Divergence: nan
Epoch 1, Expert human, Reconstruction Loss: nan, KL Divergence: nan
Epoch 1, Expert human, Reconstruction Loss: nan, KL Divergence: nan
Epoch 1, Expert human, Reconstruction Loss: nan, KL Divergence: nan
Epoch 1, Expert human, Reconstruction Loss: nan, KL Divergence: nan
Epoch 1, Expert human, Reconstruction Loss: nan, KL Divergence: nan
Epoch 1, Expert human, Reconstruction Loss: nan, KL Divergence: nan
Epoch 1, Expert human, Reconstruction Loss: nan, KL Divergence: nan
Epoch 1, Expert human, Reconstruction Loss: nan, KL Divergence: nan
Epoch 1, Expert human, Reconstruction Loss: nan, KL Divergence: nan
Epoch 1, Expert human, Reconstruction Loss: nan, KL Divergence: nan
Epoch 1, Expert human, Reconstruction Loss: nan, KL Divergence: nan
Epoch 1, Expert human, Reconstruction Loss: nan, KL Divergence: nan
Epoch 1, Expert human, Reconstruction Loss: nan, KL Divergence: nan
Epoch 1, Expert human, Reconstruction Loss: nan, KL Divergence: nan
Epoch 1, Expert human, Reconstruction Loss: nan, KL Divergence: nan
Epoch 1, Expert human, Reconstruction Loss: nan, KL Divergence: nan
Epoch 1, Expert human, Reconstruction Loss: nan, KL Divergence: nan
Epoch 1, Expert human, Reconstruction Loss: nan, KL Divergence: nan
Epoch 1, Expert human, Reconstruction Loss: nan, KL Divergence: nan
Epoch 1, Expert human, Reconstruction Loss: nan, KL Divergence: nan
Epoch 1, Expert human, Reconstruction Loss: nan, KL Divergence: nan
Epoch 1, Expert human, Reconstruction Loss: nan, KL Divergence: nan
Epoch 1, Expert human, Reconstruction Loss: nan, KL Divergence: nan
Epoch 1, Expert human, Reconstruction Loss: nan, KL Divergence: nan
Epoch 1, Expert human, Reconstruction Loss: nan, KL Divergence: nan
Epoch 1, Expert human, Reconstruction Loss: nan, KL Divergence: nan
Epoch 1, Expert human, Reconstruction Loss: nan, KL Divergence: nan
Epoch 1, Expert human, Reconstruction Loss: nan, KL Divergence: nan
Epoch 1, Expert human, Reconstruction Loss: nan, KL Divergence: nan
Epoch 1, Expert human, Reconstruction Loss: nan, KL Divergence: nan
Epoch 1, Expert human, Reconstruction Loss: nan, KL Divergence: nan
Epoch 1, Expert human, Reconstruction Loss: nan, KL Divergence: nan
Epoch 1, Expert human, Reconstruction Loss: nan, KL Divergence: nan
Epoch 1, Expert human, Reconstruction Loss: nan, KL Divergence: nan
Epoch 1, Expert human, Reconstruction Loss: nan, KL Divergence: nan
Epoch 1, Expert human, Reconstruction Loss: nan, KL Divergence: nan
Epoch 1, Expert human, Reconstruction Loss: nan, KL Divergence: nan
Epoch 1, Expert human, Reconstruction Loss: nan, KL Divergence: nan
Epoch 1, Expert human, Reconstruction Loss: nan, KL Divergence: nan
Epoch 1, Expert human, Reconstruction Loss: nan, KL Divergence: nan
Epoch 1, Expert human, Reconstruction Loss: nan, KL Divergence: nan
Epoch 1, Expert human, Reconstruction Loss: nan, KL Divergence: nan
Epoch 1, Expert human, Reconstruction Loss: nan, KL Divergence: nan
Epoch 1, Expert human, Reconstruction Loss: nan, KL Divergence: nan
Epoch 1, Expert human, Reconstruction Loss: nan, KL Divergence: nan
Epoch 1, Expert human, Reconstruction Loss: nan, KL Divergence: nan
Epoch 1, Expert human, Reconstruction Loss: nan, KL Divergence: nan
Epoch 1, Expert human, Reconstruction Loss: nan, KL Divergence: nan
Epoch 1, Expert human, Reconstruction Loss: nan, KL Divergence: nan
Epoch 1, Expert human, Reconstruction Loss: nan, KL Divergence: nan
Epoch 1, Expert human, Reconstruction Loss: nan, KL Divergence: nan
Epoch 1, Expert human, Reconstruction Loss: nan, KL Divergence: nan
Epoch 1, Expert human, Reconstruction Loss: nan, KL Divergence: nan
Epoch 1, Expert human, Reconstruction Loss: nan, KL Divergence: nan
Epoch 1, Expert human, Reconstruction Loss: nan, KL Divergence: nan
Epoch 1, Expert human, Reconstruction Loss: nan, KL Divergence: nan
Epoch 1, Expert human, Reconstruction Loss: nan, KL Divergence: nan
Epoch 1, Expert human, Reconstruction Loss: nan, KL Divergence: nan
Epoch 1, Expert human, Reconstruction Loss: nan, KL Divergence: nan
Epoch 1, Expert human, Reconstruction Loss: nan, KL Divergence: nan
Epoch 1, Expert human, Reconstruction Loss: nan, KL Divergence: nan
Epoch 1, Expert human, Reconstruction Loss: nan, KL Divergence: nan
Epoch 1, Expert human, Reconstruction Loss: nan, KL Divergence: nan
Epoch 1, Expert human, Reconstruction Loss: nan, KL Divergence: nan
Epoch 1, Expert human, Reconstruction Loss: nan, KL Divergence: nan
Epoch 1, Expert human, Reconstruction Loss: nan, KL Divergence: nan
Epoch 1, Expert human, Reconstruction Loss: nan, KL Divergence: nan
Epoch 1, Expert human, Reconstruction Loss: nan, KL Divergence: nan
Epoch 1, Expert human, Reconstruction Loss: nan, KL Divergence: nan
Epoch 1, Expert human, Reconstruction Loss: nan, KL Divergence: nan
Epoch 1, Expert human, Reconstruction Loss: nan, KL Divergence: nan
Epoch 1, Expert human, Reconstruction Loss: nan, KL Divergence: nan
Epoch 1, Expert human, Reconstruction Loss: nan, KL Divergence: nan
Epoch 1, Expert human, Reconstruction Loss: nan, KL Divergence: nan
Epoch 1, Expert human, Reconstruction Loss: nan, KL Divergence: nan
Epoch 1, Expert human, Reconstruction Loss: nan, KL Divergence: nan
Epoch 1, Expert human, Reconstruction Loss: nan, KL Divergence: nan
Epoch 1, Expert human, Reconstruction Loss: nan, KL Divergence: nan
Epoch 1, Expert human, Reconstruction Loss: nan, KL Divergence: nan
Epoch 1, Expert human, Reconstruction Loss: nan, KL Divergence: nan
Epoch 1, Expert human, Reconstruction Loss: nan, KL Divergence: nan
Epoch 1, Expert human, Reconstruction Loss: nan, KL Divergence: nan
Epoch 1, Expert human, Reconstruction Loss: nan, KL Divergence: nan
Epoch 1, Expert human, Reconstruction Loss: nan, KL Divergence: nan
Epoch 1, Expert human, Reconstruction Loss: nan, KL Divergence: nan
Epoch 1, Expert human, Reconstruction Loss: nan, KL Divergence: nan
Epoch 1, Expert human, Reconstruction Loss: nan, KL Divergence: nan
Epoch 1, Expert human, Reconstruction Loss: nan, KL Divergence: nan
Epoch 1, Expert human, Reconstruction Loss: nan, KL Divergence: nan
Epoch 1, Expert human, Reconstruction Loss: nan, KL Divergence: nan
Epoch 1, Expert human, Reconstruction Loss: nan, KL Divergence: nan
Epoch 1, Expert human, Reconstruction Loss: nan, KL Divergence: nan
Epoch 1, Expert human, Reconstruction Loss: nan, KL Divergence: nan
Epoch 1, Expert human, Reconstruction Loss: nan, KL Divergence: nan
Epoch 1, Expert human, Reconstruction Loss: nan, KL Divergence: nan
Epoch 1, Expert human, Reconstruction Loss: nan, KL Divergence: nan
Epoch 1, Expert human, Reconstruction Loss: nan, KL Divergence: nan
Epoch 1, Expert human, Reconstruction Loss: nan, KL Divergence: nan
Epoch 1, Expert human, Reconstruction Loss: nan, KL Divergence: nan
Epoch 1, Expert human, Reconstruction Loss: nan, KL Divergence: nan
Epoch 1, Expert human, Reconstruction Loss: nan, KL Divergence: nan
Epoch 1, Expert human, Reconstruction Loss: nan, KL Divergence: nan
Epoch 1, Expert human, Reconstruction Loss: nan, KL Divergence: nan
Epoch 1, Expert human, Reconstruction Loss: nan, KL Divergence: nan
Epoch 1, Expert human, Reconstruction Loss: nan, KL Divergence: nan
Epoch 1, Expert human, Reconstruction Loss: nan, KL Divergence: nan
Epoch 1, Expert human, Reconstruction Loss: nan, KL Divergence: nan
Epoch 1, Expert human, Reconstruction Loss: nan, KL Divergence: nan
Epoch 1, Expert human, Reconstruction Loss: nan, KL Divergence: nan
Epoch 1, Expert human, Reconstruction Loss: nan, KL Divergence: nan
Epoch 1, Expert human, Reconstruction Loss: nan, KL Divergence: nan
Epoch 1, Expert human, Reconstruction Loss: nan, KL Divergence: nan
Epoch 1, Expert human, Reconstruction Loss: nan, KL Divergence: nan
Epoch 1, Expert human, Reconstruction Loss: nan, KL Divergence: nan
Epoch 1, Expert human, Reconstruction Loss: nan, KL Divergence: nan
Epoch 1, Expert human, Reconstruction Loss: nan, KL Divergence: nan
Epoch 1, Expert human, Reconstruction Loss: nan, KL Divergence: nan
Epoch 1, Expert human, Reconstruction Loss: nan, KL Divergence: nan
Epoch 1, Expert human, Reconstruction Loss: nan, KL Divergence: nan
Epoch 1, Expert human, Reconstruction Loss: nan, KL Divergence: nan
Epoch 1, Expert human, Reconstruction Loss: nan, KL Divergence: nan
Epoch 1, Expert human, Reconstruction Loss: nan, KL Divergence: nan
Epoch 1, Expert human, Reconstruction Loss: nan, KL Divergence: nan
Epoch 1, Expert human, Reconstruction Loss: nan, KL Divergence: nan
Epoch 1, Expert human, Reconstruction Loss: nan, KL Divergence: nan
Epoch 1, Expert human, Reconstruction Loss: nan, KL Divergence: nan
Epoch 1, Expert human, Reconstruction Loss: nan, KL Divergence: nan
Epoch 1, Expert human, Reconstruction Loss: nan, KL Divergence: nan
Epoch 1, Expert human, Reconstruction Loss: nan, KL Divergence: nan
Epoch 1, Expert human, Reconstruction Loss: nan, KL Divergence: nan
Epoch 1, Expert human, Reconstruction Loss: nan, KL Divergence: nan
Epoch 1, Expert human, Reconstruction Loss: nan, KL Divergence: nan
Epoch 1, Expert human, Reconstruction Loss: nan, KL Divergence: nan
Epoch 1, Expert human, Reconstruction Loss: nan, KL Divergence: nan
Epoch 1, Expert human, Reconstruction Loss: nan, KL Divergence: nan
Epoch 1, Expert human, Reconstruction Loss: nan, KL Divergence: nan
Epoch 1, Expert human, Reconstruction Loss: nan, KL Divergence: nan
Epoch 1, Expert human, Reconstruction Loss: nan, KL Divergence: nan
Epoch 1, Expert human, Reconstruction Loss: nan, KL Divergence: nan
Epoch 1, Expert human, Reconstruction Loss: nan, KL Divergence: nan
Epoch 1, Expert human, Reconstruction Loss: nan, KL Divergence: nan
Epoch 1, Expert human, Reconstruction Loss: nan, KL Divergence: nan
2024-05-29 13:41:25.539069: I tensorflow/core/util/port.cc:113] oneDNN custom operations are on. You may see slightly different numerical results due to floating-point round-off errors from different computation orders. To turn them off, set the environment variable `TF_ENABLE_ONEDNN_OPTS=0`.
2024-05-29 13:41:25.539081: I tensorflow/core/util/port.cc:113] oneDNN custom operations are on. You may see slightly different numerical results due to floating-point round-off errors from different computation orders. To turn them off, set the environment variable `TF_ENABLE_ONEDNN_OPTS=0`.
2024-05-29 13:41:25.587049: I tensorflow/core/platform/cpu_feature_guard.cc:210] This TensorFlow binary is optimized to use available CPU instructions in performance-critical operations.
To enable the following instructions: AVX2 AVX512F AVX512_VNNI FMA, in other operations, rebuild TensorFlow with the appropriate compiler flags.
2024-05-29 13:41:25.587047: I tensorflow/core/platform/cpu_feature_guard.cc:210] This TensorFlow binary is optimized to use available CPU instructions in performance-critical operations.
To enable the following instructions: AVX2 AVX512F AVX512_VNNI FMA, in other operations, rebuild TensorFlow with the appropriate compiler flags.
2024-05-29 13:41:26.387069: W tensorflow/compiler/tf2tensorrt/utils/py_utils.cc:38] TF-TRT Warning: Could not find TensorRT
2024-05-29 13:41:26.387097: W tensorflow/compiler/tf2tensorrt/utils/py_utils.cc:38] TF-TRT Warning: Could not find TensorRT
Epoch 2, Expert human, Reconstruction Loss: nan, KL Divergence: nan
Epoch 2, Expert human, Reconstruction Loss: nan, KL Divergence: nan
Epoch 2, Expert human, Reconstruction Loss: nan, KL Divergence: nan
Epoch 2, Expert human, Reconstruction Loss: nan, KL Divergence: nan
Epoch 2, Expert human, Reconstruction Loss: nan, KL Divergence: nan
Epoch 2, Expert human, Reconstruction Loss: nan, KL Divergence: nan
Epoch 2, Expert human, Reconstruction Loss: nan, KL Divergence: nan
Epoch 2, Expert human, Reconstruction Loss: nan, KL Divergence: nan
Epoch 2, Expert human, Reconstruction Loss: nan, KL Divergence: nan
Epoch 2, Expert human, Reconstruction Loss: nan, KL Divergence: nan
Epoch 2, Expert human, Reconstruction Loss: nan, KL Divergence: nan
Epoch 2, Expert human, Reconstruction Loss: nan, KL Divergence: nan
Epoch 2, Expert human, Reconstruction Loss: nan, KL Divergence: nan
Epoch 2, Expert human, Reconstruction Loss: nan, KL Divergence: nan
Epoch 2, Expert human, Reconstruction Loss: nan, KL Divergence: nan
Epoch 2, Expert human, Reconstruction Loss: nan, KL Divergence: nan
Epoch 2, Expert human, Reconstruction Loss: nan, KL Divergence: nan
Epoch 2, Expert human, Reconstruction Loss: nan, KL Divergence: nan
Epoch 2, Expert human, Reconstruction Loss: nan, KL Divergence: nan
Epoch 2, Expert human, Reconstruction Loss: nan, KL Divergence: nan
Epoch 2, Expert human, Reconstruction Loss: nan, KL Divergence: nan
Epoch 2, Expert human, Reconstruction Loss: nan, KL Divergence: nan
Epoch 2, Expert human, Reconstruction Loss: nan, KL Divergence: nan
Epoch 2, Expert human, Reconstruction Loss: nan, KL Divergence: nan
Epoch 2, Expert human, Reconstruction Loss: nan, KL Divergence: nan
Epoch 2, Expert human, Reconstruction Loss: nan, KL Divergence: nan
Epoch 2, Expert human, Reconstruction Loss: nan, KL Divergence: nan
Epoch 2, Expert human, Reconstruction Loss: nan, KL Divergence: nan
Epoch 2, Expert human, Reconstruction Loss: nan, KL Divergence: nan
Epoch 2, Expert human, Reconstruction Loss: nan, KL Divergence: nan
Epoch 2, Expert human, Reconstruction Loss: nan, KL Divergence: nan
Epoch 2, Expert human, Reconstruction Loss: nan, KL Divergence: nan
Epoch 2, Expert human, Reconstruction Loss: nan, KL Divergence: nan
Epoch 2, Expert human, Reconstruction Loss: nan, KL Divergence: nan
Epoch 2, Expert human, Reconstruction Loss: nan, KL Divergence: nan
Epoch 2, Expert human, Reconstruction Loss: nan, KL Divergence: nan
Epoch 2, Expert human, Reconstruction Loss: nan, KL Divergence: nan
Epoch 2, Expert human, Reconstruction Loss: nan, KL Divergence: nan
Epoch 2, Expert human, Reconstruction Loss: nan, KL Divergence: nan
Epoch 2, Expert human, Reconstruction Loss: nan, KL Divergence: nan
Epoch 2, Expert human, Reconstruction Loss: nan, KL Divergence: nan
Epoch 2, Expert human, Reconstruction Loss: nan, KL Divergence: nan
Epoch 2, Expert human, Reconstruction Loss: nan, KL Divergence: nan
Epoch 2, Expert human, Reconstruction Loss: nan, KL Divergence: nan
Epoch 2, Expert human, Reconstruction Loss: nan, KL Divergence: nan
Epoch 2, Expert human, Reconstruction Loss: nan, KL Divergence: nan
Epoch 2, Expert human, Reconstruction Loss: nan, KL Divergence: nan
Epoch 2, Expert human, Reconstruction Loss: nan, KL Divergence: nan
Epoch 2, Expert human, Reconstruction Loss: nan, KL Divergence: nan
Epoch 2, Expert human, Reconstruction Loss: nan, KL Divergence: nan
Epoch 2, Expert human, Reconstruction Loss: nan, KL Divergence: nan
Epoch 2, Expert human, Reconstruction Loss: nan, KL Divergence: nan
Epoch 2, Expert human, Reconstruction Loss: nan, KL Divergence: nan
Epoch 2, Expert human, Reconstruction Loss: nan, KL Divergence: nan
Epoch 2, Expert human, Reconstruction Loss: nan, KL Divergence: nan
Epoch 2, Expert human, Reconstruction Loss: nan, KL Divergence: nan
Epoch 2, Expert human, Reconstruction Loss: nan, KL Divergence: nan
Epoch 2, Expert human, Reconstruction Loss: nan, KL Divergence: nan
Epoch 2, Expert human, Reconstruction Loss: nan, KL Divergence: nan
Epoch 2, Expert human, Reconstruction Loss: nan, KL Divergence: nan
Epoch 2, Expert human, Reconstruction Loss: nan, KL Divergence: nan
Epoch 2, Expert human, Reconstruction Loss: nan, KL Divergence: nan
Epoch 2, Expert human, Reconstruction Loss: nan, KL Divergence: nan
Epoch 2, Expert human, Reconstruction Loss: nan, KL Divergence: nan
Epoch 2, Expert human, Reconstruction Loss: nan, KL Divergence: nan
Epoch 2, Expert human, Reconstruction Loss: nan, KL Divergence: nan
Epoch 2, Expert human, Reconstruction Loss: nan, KL Divergence: nan
Epoch 2, Expert human, Reconstruction Loss: nan, KL Divergence: nan
Epoch 2, Expert human, Reconstruction Loss: nan, KL Divergence: nan
Epoch 2, Expert human, Reconstruction Loss: nan, KL Divergence: nan
Epoch 2, Expert human, Reconstruction Loss: nan, KL Divergence: nan
Epoch 2, Expert human, Reconstruction Loss: nan, KL Divergence: nan
Epoch 2, Expert human, Reconstruction Loss: nan, KL Divergence: nan
Epoch 2, Expert human, Reconstruction Loss: nan, KL Divergence: nan
Epoch 2, Expert human, Reconstruction Loss: nan, KL Divergence: nan
Epoch 2, Expert human, Reconstruction Loss: nan, KL Divergence: nan
Epoch 2, Expert human, Reconstruction Loss: nan, KL Divergence: nan
Epoch 2, Expert human, Reconstruction Loss: nan, KL Divergence: nan
Epoch 2, Expert human, Reconstruction Loss: nan, KL Divergence: nan
Epoch 2, Expert human, Reconstruction Loss: nan, KL Divergence: nan
Epoch 2, Expert human, Reconstruction Loss: nan, KL Divergence: nan
Epoch 2, Expert human, Reconstruction Loss: nan, KL Divergence: nan
Epoch 2, Expert human, Reconstruction Loss: nan, KL Divergence: nan
Epoch 2, Expert human, Reconstruction Loss: nan, KL Divergence: nan
Epoch 2, Expert human, Reconstruction Loss: nan, KL Divergence: nan
Epoch 2, Expert human, Reconstruction Loss: nan, KL Divergence: nan
Epoch 2, Expert human, Reconstruction Loss: nan, KL Divergence: nan
Epoch 2, Expert human, Reconstruction Loss: nan, KL Divergence: nan
Epoch 2, Expert human, Reconstruction Loss: nan, KL Divergence: nan
Epoch 2, Expert human, Reconstruction Loss: nan, KL Divergence: nan
Epoch 2, Expert human, Reconstruction Loss: nan, KL Divergence: nan
Epoch 2, Expert human, Reconstruction Loss: nan, KL Divergence: nan
Epoch 2, Expert human, Reconstruction Loss: nan, KL Divergence: nan
Epoch 2, Expert human, Reconstruction Loss: nan, KL Divergence: nan
Epoch 2, Expert human, Reconstruction Loss: nan, KL Divergence: nan
Epoch 2, Expert human, Reconstruction Loss: nan, KL Divergence: nan
Epoch 2, Expert human, Reconstruction Loss: nan, KL Divergence: nan
Epoch 2, Expert human, Reconstruction Loss: nan, KL Divergence: nan
Epoch 2, Expert human, Reconstruction Loss: nan, KL Divergence: nan
Epoch 2, Expert human, Reconstruction Loss: nan, KL Divergence: nan
Epoch 2, Expert human, Reconstruction Loss: nan, KL Divergence: nan
Epoch 2, Expert human, Reconstruction Loss: nan, KL Divergence: nan
Epoch 2, Expert human, Reconstruction Loss: nan, KL Divergence: nan
Epoch 2, Expert human, Reconstruction Loss: nan, KL Divergence: nan
Epoch 2, Expert human, Reconstruction Loss: nan, KL Divergence: nan
Epoch 2, Expert human, Reconstruction Loss: nan, KL Divergence: nan
Epoch 2, Expert human, Reconstruction Loss: nan, KL Divergence: nan
Epoch 2, Expert human, Reconstruction Loss: nan, KL Divergence: nan
Epoch 2, Expert human, Reconstruction Loss: nan, KL Divergence: nan
Epoch 2, Expert human, Reconstruction Loss: nan, KL Divergence: nan
Epoch 2, Expert human, Reconstruction Loss: nan, KL Divergence: nan
Epoch 2, Expert human, Reconstruction Loss: nan, KL Divergence: nan
Epoch 2, Expert human, Reconstruction Loss: nan, KL Divergence: nan
Epoch 2, Expert human, Reconstruction Loss: nan, KL Divergence: nan
Epoch 2, Expert human, Reconstruction Loss: nan, KL Divergence: nan
Epoch 2, Expert human, Reconstruction Loss: nan, KL Divergence: nan
Epoch 2, Expert human, Reconstruction Loss: nan, KL Divergence: nan
Epoch 2, Expert human, Reconstruction Loss: nan, KL Divergence: nan
Epoch 2, Expert human, Reconstruction Loss: nan, KL Divergence: nan
Epoch 2, Expert human, Reconstruction Loss: nan, KL Divergence: nan
Epoch 2, Expert human, Reconstruction Loss: nan, KL Divergence: nan
Epoch 2, Expert human, Reconstruction Loss: nan, KL Divergence: nan
Epoch 2, Expert human, Reconstruction Loss: nan, KL Divergence: nan
Epoch 2, Expert human, Reconstruction Loss: nan, KL Divergence: nan
Epoch 2, Expert human, Reconstruction Loss: nan, KL Divergence: nan
Epoch 2, Expert human, Reconstruction Loss: nan, KL Divergence: nan
Epoch 2, Expert human, Reconstruction Loss: nan, KL Divergence: nan
Epoch 2, Expert human, Reconstruction Loss: nan, KL Divergence: nan
Epoch 2, Expert human, Reconstruction Loss: nan, KL Divergence: nan
Epoch 2, Expert human, Reconstruction Loss: nan, KL Divergence: nan
Epoch 2, Expert human, Reconstruction Loss: nan, KL Divergence: nan
Epoch 2, Expert human, Reconstruction Loss: nan, KL Divergence: nan
Epoch 2, Expert human, Reconstruction Loss: nan, KL Divergence: nan
Epoch 2, Expert human, Reconstruction Loss: nan, KL Divergence: nan
Epoch 2, Expert human, Reconstruction Loss: nan, KL Divergence: nan
Epoch 2, Expert human, Reconstruction Loss: nan, KL Divergence: nan
Epoch 2, Expert human, Reconstruction Loss: nan, KL Divergence: nan
Epoch 2, Expert human, Reconstruction Loss: nan, KL Divergence: nan
Epoch 2, Expert human, Reconstruction Loss: nan, KL Divergence: nan
Epoch 2, Expert human, Reconstruction Loss: nan, KL Divergence: nan
Epoch 2, Expert human, Reconstruction Loss: nan, KL Divergence: nan
Epoch 2, Expert human, Reconstruction Loss: nan, KL Divergence: nan
Epoch 2, Expert human, Reconstruction Loss: nan, KL Divergence: nan
Epoch 2, Expert human, Reconstruction Loss: nan, KL Divergence: nan
Epoch 2, Expert human, Reconstruction Loss: nan, KL Divergence: nan
Epoch 2, Expert human, Reconstruction Loss: nan, KL Divergence: nan
Epoch 2, Expert human, Reconstruction Loss: nan, KL Divergence: nan
Epoch 2, Expert human, Reconstruction Loss: nan, KL Divergence: nan
Epoch 2, Expert human, Reconstruction Loss: nan, KL Divergence: nan
Epoch 2, Expert human, Reconstruction Loss: nan, KL Divergence: nan
Epoch 2, Expert human, Reconstruction Loss: nan, KL Divergence: nan
Epoch 2, Expert human, Reconstruction Loss: nan, KL Divergence: nan
Epoch 2, Expert human, Reconstruction Loss: nan, KL Divergence: nan
Epoch 2, Expert human, Reconstruction Loss: nan, KL Divergence: nan
Epoch 2, Expert human, Reconstruction Loss: nan, KL Divergence: nan
Epoch 2, Expert human, Reconstruction Loss: nan, KL Divergence: nan
2024-05-29 13:43:03.632861: I tensorflow/core/util/port.cc:113] oneDNN custom operations are on. You may see slightly different numerical results due to floating-point round-off errors from different computation orders. To turn them off, set the environment variable `TF_ENABLE_ONEDNN_OPTS=0`.
2024-05-29 13:43:03.632863: I tensorflow/core/util/port.cc:113] oneDNN custom operations are on. You may see slightly different numerical results due to floating-point round-off errors from different computation orders. To turn them off, set the environment variable `TF_ENABLE_ONEDNN_OPTS=0`.
2024-05-29 13:43:03.680077: I tensorflow/core/platform/cpu_feature_guard.cc:210] This TensorFlow binary is optimized to use available CPU instructions in performance-critical operations.
To enable the following instructions: AVX2 AVX512F AVX512_VNNI FMA, in other operations, rebuild TensorFlow with the appropriate compiler flags.
2024-05-29 13:43:03.680080: I tensorflow/core/platform/cpu_feature_guard.cc:210] This TensorFlow binary is optimized to use available CPU instructions in performance-critical operations.
To enable the following instructions: AVX2 AVX512F AVX512_VNNI FMA, in other operations, rebuild TensorFlow with the appropriate compiler flags.
2024-05-29 13:43:04.523870: W tensorflow/compiler/tf2tensorrt/utils/py_utils.cc:38] TF-TRT Warning: Could not find TensorRT
2024-05-29 13:43:04.523894: W tensorflow/compiler/tf2tensorrt/utils/py_utils.cc:38] TF-TRT Warning: Could not find TensorRT
Epoch 3, Expert human, Reconstruction Loss: nan, KL Divergence: nan
Epoch 3, Expert human, Reconstruction Loss: nan, KL Divergence: nan
Epoch 3, Expert human, Reconstruction Loss: nan, KL Divergence: nan
Epoch 3, Expert human, Reconstruction Loss: nan, KL Divergence: nan
Epoch 3, Expert human, Reconstruction Loss: nan, KL Divergence: nan
Epoch 3, Expert human, Reconstruction Loss: nan, KL Divergence: nan
Epoch 3, Expert human, Reconstruction Loss: nan, KL Divergence: nan
Epoch 3, Expert human, Reconstruction Loss: nan, KL Divergence: nan
Epoch 3, Expert human, Reconstruction Loss: nan, KL Divergence: nan
Epoch 3, Expert human, Reconstruction Loss: nan, KL Divergence: nan
Epoch 3, Expert human, Reconstruction Loss: nan, KL Divergence: nan
Epoch 3, Expert human, Reconstruction Loss: nan, KL Divergence: nan
Epoch 3, Expert human, Reconstruction Loss: nan, KL Divergence: nan
Epoch 3, Expert human, Reconstruction Loss: nan, KL Divergence: nan
Epoch 3, Expert human, Reconstruction Loss: nan, KL Divergence: nan
Epoch 3, Expert human, Reconstruction Loss: nan, KL Divergence: nan
Epoch 3, Expert human, Reconstruction Loss: nan, KL Divergence: nan
Epoch 3, Expert human, Reconstruction Loss: nan, KL Divergence: nan
Epoch 3, Expert human, Reconstruction Loss: nan, KL Divergence: nan
Epoch 3, Expert human, Reconstruction Loss: nan, KL Divergence: nan
Epoch 3, Expert human, Reconstruction Loss: nan, KL Divergence: nan
Epoch 3, Expert human, Reconstruction Loss: nan, KL Divergence: nan
Epoch 3, Expert human, Reconstruction Loss: nan, KL Divergence: nan
Epoch 3, Expert human, Reconstruction Loss: nan, KL Divergence: nan
Epoch 3, Expert human, Reconstruction Loss: nan, KL Divergence: nan
Epoch 3, Expert human, Reconstruction Loss: nan, KL Divergence: nan
Epoch 3, Expert human, Reconstruction Loss: nan, KL Divergence: nan
Epoch 3, Expert human, Reconstruction Loss: nan, KL Divergence: nan
Epoch 3, Expert human, Reconstruction Loss: nan, KL Divergence: nan
Epoch 3, Expert human, Reconstruction Loss: nan, KL Divergence: nan
Epoch 3, Expert human, Reconstruction Loss: nan, KL Divergence: nan
Epoch 3, Expert human, Reconstruction Loss: nan, KL Divergence: nan
Epoch 3, Expert human, Reconstruction Loss: nan, KL Divergence: nan
Epoch 3, Expert human, Reconstruction Loss: nan, KL Divergence: nan
Epoch 3, Expert human, Reconstruction Loss: nan, KL Divergence: nan
Epoch 3, Expert human, Reconstruction Loss: nan, KL Divergence: nan
Epoch 3, Expert human, Reconstruction Loss: nan, KL Divergence: nan
Epoch 3, Expert human, Reconstruction Loss: nan, KL Divergence: nan
Epoch 3, Expert human, Reconstruction Loss: nan, KL Divergence: nan
Epoch 3, Expert human, Reconstruction Loss: nan, KL Divergence: nan
Epoch 3, Expert human, Reconstruction Loss: nan, KL Divergence: nan
Epoch 3, Expert human, Reconstruction Loss: nan, KL Divergence: nan
Epoch 3, Expert human, Reconstruction Loss: nan, KL Divergence: nan
Epoch 3, Expert human, Reconstruction Loss: nan, KL Divergence: nan
Epoch 3, Expert human, Reconstruction Loss: nan, KL Divergence: nan
Epoch 3, Expert human, Reconstruction Loss: nan, KL Divergence: nan
Epoch 3, Expert human, Reconstruction Loss: nan, KL Divergence: nan
Epoch 3, Expert human, Reconstruction Loss: nan, KL Divergence: nan
Epoch 3, Expert human, Reconstruction Loss: nan, KL Divergence: nan
Epoch 3, Expert human, Reconstruction Loss: nan, KL Divergence: nan
Epoch 3, Expert human, Reconstruction Loss: nan, KL Divergence: nan
Epoch 3, Expert human, Reconstruction Loss: nan, KL Divergence: nan
Epoch 3, Expert human, Reconstruction Loss: nan, KL Divergence: nan
Epoch 3, Expert human, Reconstruction Loss: nan, KL Divergence: nan
Epoch 3, Expert human, Reconstruction Loss: nan, KL Divergence: nan
Epoch 3, Expert human, Reconstruction Loss: nan, KL Divergence: nan
Epoch 3, Expert human, Reconstruction Loss: nan, KL Divergence: nan
Epoch 3, Expert human, Reconstruction Loss: nan, KL Divergence: nan
Epoch 3, Expert human, Reconstruction Loss: nan, KL Divergence: nan
Epoch 3, Expert human, Reconstruction Loss: nan, KL Divergence: nan
Epoch 3, Expert human, Reconstruction Loss: nan, KL Divergence: nan
Epoch 3, Expert human, Reconstruction Loss: nan, KL Divergence: nan
Epoch 3, Expert human, Reconstruction Loss: nan, KL Divergence: nan
Epoch 3, Expert human, Reconstruction Loss: nan, KL Divergence: nan
Epoch 3, Expert human, Reconstruction Loss: nan, KL Divergence: nan
Epoch 3, Expert human, Reconstruction Loss: nan, KL Divergence: nan
Epoch 3, Expert human, Reconstruction Loss: nan, KL Divergence: nan
Epoch 3, Expert human, Reconstruction Loss: nan, KL Divergence: nan
Epoch 3, Expert human, Reconstruction Loss: nan, KL Divergence: nan
Epoch 3, Expert human, Reconstruction Loss: nan, KL Divergence: nan
Epoch 3, Expert human, Reconstruction Loss: nan, KL Divergence: nan
Epoch 3, Expert human, Reconstruction Loss: nan, KL Divergence: nan
Epoch 3, Expert human, Reconstruction Loss: nan, KL Divergence: nan
Epoch 3, Expert human, Reconstruction Loss: nan, KL Divergence: nan
Epoch 3, Expert human, Reconstruction Loss: nan, KL Divergence: nan
Epoch 3, Expert human, Reconstruction Loss: nan, KL Divergence: nan
slurmstepd: error: *** JOB 1630 ON g002 CANCELLED AT 2024-05-29T13:44:05 ***
